build/app/intermediates/manifest_merge_blame_file/debug/processDebugMainManifest/manifest-merger-blame-debug-report.txt
1<?xml version="1.0" encoding="utf-8"?>
2<manifest xmlns:android="http://schemas.android.com/apk/res/android"
3    package="com.example.pf"
4    android:versionCode="1"
5    android:versionName="1.0.0" >
6
7    <uses-sdk
8        android:minSdkVersion="21"
9        android:targetSdkVersion="35" />
10    <!--
11         The INTERNET permission is required for development. Specifically,
12         the Flutter tool needs it to communicate with the running application
13         to allow setting breakpoints, to provide hot reload, etc.
14    -->
15    <uses-permission android:name="android.permission.INTERNET" />
15-->src\debug\AndroidManifest.xml:6:5-66
15-->src\debug\AndroidManifest.xml:6:22-64
16    <!-- ✅ 권한 설정 -->
17    <uses-permission android:name="android.permission.READ_MEDIA_IMAGES" />
17-->src\main\AndroidManifest.xml:5:5-76
17-->src\main\AndroidManifest.xml:5:22-73
18    <uses-permission android:name="android.permission.READ_EXTERNAL_STORAGE" />
18-->src\main\AndroidManifest.xml:6:5-80
18-->src\main\AndroidManifest.xml:6:22-77
19    <uses-permission android:name="android.permission.CAMERA" />
19-->src\main\AndroidManifest.xml:7:5-65
19-->src\main\AndroidManifest.xml:7:22-62
20
21    <uses-feature
21-->src\main\AndroidManifest.xml:8:5-85
22        android:name="android.hardware.camera"
22-->src\main\AndroidManifest.xml:8:19-57
23        android:required="false" /> <!-- Flutter에서 텍스트 공유 처리 관련 설정 -->
23-->src\main\AndroidManifest.xml:8:58-82
24    <queries>
24-->src\main\AndroidManifest.xml:42:5-47:15
25        <intent>
25-->src\main\AndroidManifest.xml:43:9-46:18
26            <action android:name="android.intent.action.PROCESS_TEXT" />
26-->src\main\AndroidManifest.xml:44:13-73
26-->src\main\AndroidManifest.xml:44:21-70
27
28            <data android:mimeType="text/plain" />
28-->src\main\AndroidManifest.xml:45:13-51
28-->src\main\AndroidManifest.xml:45:19-48
29        </intent>
30    </queries>
31
32    <permission
32-->[androidx.core:core:1.13.1] AndroidManifest.xml:22:5-24:47
33        android:name="com.example.pf.DYNAMIC_RECEIVER_NOT_EXPORTED_PERMISSION"
33-->[androidx.core:core:1.13.1] AndroidManifest.xml:23:9-81
34        android:protectionLevel="signature" />
34-->[androidx.core:core:1.13.1] AndroidManifest.xml:24:9-44
35
36    <uses-permission android:name="com.example.pf.DYNAMIC_RECEIVER_NOT_EXPORTED_PERMISSION" />
36-->[androidx.core:core:1.13.1] AndroidManifest.xml:26:5-97
36-->[androidx.core:core:1.13.1] AndroidManifest.xml:26:22-94
37
38    <application
38-->src\main\AndroidManifest.xml:10:5-39:19
39        android:appComponentFactory="androidx.core.app.CoreComponentFactory"
39-->[androidx.core:core:1.13.1] AndroidManifest.xml:28:18-86
40        android:debuggable="true"
41        android:extractNativeLibs="true"
42        android:icon="@mipmap/ic_launcher"
42-->src\main\AndroidManifest.xml:12:9-43
43        android:label="pf"
43-->src\main\AndroidManifest.xml:11:9-27
44        android:usesCleartextTraffic="true" >
44-->src\main\AndroidManifest.xml:13:9-44
45        <activity
45-->src\main\AndroidManifest.xml:15:5-33:20
46            android:name="com.example.pf.MainActivity"
46-->src\main\AndroidManifest.xml:16:13-41
47            android:configChanges="orientation|keyboardHidden|keyboard|screenSize|smallestScreenSize|locale|layoutDirection|fontScale|screenLayout|density|uiMode"
47-->src\main\AndroidManifest.xml:21:13-163
48            android:exported="true"
48-->src\main\AndroidManifest.xml:17:13-36
49            android:hardwareAccelerated="true"
49-->src\main\AndroidManifest.xml:22:13-47
50            android:launchMode="singleTop"
50-->src\main\AndroidManifest.xml:18:13-43
51            android:taskAffinity=""
51-->src\main\AndroidManifest.xml:19:13-36
52            android:theme="@style/LaunchTheme"
52-->src\main\AndroidManifest.xml:20:13-47
53            android:windowSoftInputMode="adjustResize" >
53-->src\main\AndroidManifest.xml:23:13-55
54            <meta-data
54-->src\main\AndroidManifest.xml:25:13-27:57
55                android:name="io.flutter.embedding.android.NormalTheme"
55-->src\main\AndroidManifest.xml:26:17-72
56                android:resource="@style/NormalTheme" />
56-->src\main\AndroidManifest.xml:27:17-54
57
58            <intent-filter>
58-->src\main\AndroidManifest.xml:29:13-32:29
59                <action android:name="android.intent.action.MAIN" />
59-->src\main\AndroidManifest.xml:30:17-69
59-->src\main\AndroidManifest.xml:30:25-66
60
61                <category android:name="android.intent.category.LAUNCHER" />
61-->src\main\AndroidManifest.xml:31:17-77
61-->src\main\AndroidManifest.xml:31:27-74
62            </intent-filter>
63        </activity>
64
65        <!-- Flutter Plugin Registration -->
66        <meta-data
66-->src\main\AndroidManifest.xml:36:9-38:33
67            android:name="flutterEmbedding"
67-->src\main\AndroidManifest.xml:37:13-44
68            android:value="2" />
68-->src\main\AndroidManifest.xml:38:13-30
69
70        <provider
70-->[:image_picker_android] AndroidManifest.xml:9:9-17:20
71            android:name="io.flutter.plugins.imagepicker.ImagePickerFileProvider"
71-->[:image_picker_android] AndroidManifest.xml:10:13-82
72            android:authorities="com.example.pf.flutter.image_provider"
72-->[:image_picker_android] AndroidManifest.xml:11:13-74
73            android:exported="false"
73-->[:image_picker_android] AndroidManifest.xml:12:13-37
74            android:grantUriPermissions="true" >
74-->[:image_picker_android] AndroidManifest.xml:13:13-47
75            <meta-data
75-->[:image_picker_android] AndroidManifest.xml:14:13-16:75
76                android:name="android.support.FILE_PROVIDER_PATHS"
76-->[:image_picker_android] AndroidManifest.xml:15:17-67
77                android:resource="@xml/flutter_image_picker_file_paths" />
77-->[:image_picker_android] AndroidManifest.xml:16:17-72
78        </provider> <!-- Trigger Google Play services to install the backported photo picker module. -->
79        <service
79-->[:image_picker_android] AndroidManifest.xml:19:9-31:19
80            android:name="com.google.android.gms.metadata.ModuleDependencies"
80-->[:image_picker_android] AndroidManifest.xml:20:13-78
81            android:enabled="false"
81-->[:image_picker_android] AndroidManifest.xml:21:13-36
82            android:exported="false" >
82-->[:image_picker_android] AndroidManifest.xml:22:13-37
83            <intent-filter>
83-->[:image_picker_android] AndroidManifest.xml:24:13-26:29
84                <action android:name="com.google.android.gms.metadata.MODULE_DEPENDENCIES" />
84-->[:image_picker_android] AndroidManifest.xml:25:17-94
84-->[:image_picker_android] AndroidManifest.xml:25:25-91
85            </intent-filter>
86
87            <meta-data
87-->[:image_picker_android] AndroidManifest.xml:28:13-30:36
88                android:name="photopicker_activity:0:required"
88-->[:image_picker_android] AndroidManifest.xml:29:17-63
89                android:value="" />
89-->[:image_picker_android] AndroidManifest.xml:30:17-33
90        </service>
91
92        <uses-library
92-->[androidx.window:window:1.2.0] AndroidManifest.xml:23:9-25:40
93            android:name="androidx.window.extensions"
93-->[androidx.window:window:1.2.0] AndroidManifest.xml:24:13-54
94            android:required="false" />
94-->[androidx.window:window:1.2.0] AndroidManifest.xml:25:13-37
95        <uses-library
95-->[androidx.window:window:1.2.0] AndroidManifest.xml:26:9-28:40
96            android:name="androidx.window.sidecar"
96-->[androidx.window:window:1.2.0] AndroidManifest.xml:27:13-51
97            android:required="false" />
97-->[androidx.window:window:1.2.0] AndroidManifest.xml:28:13-37
98
99        <provider
99-->[androidx.lifecycle:lifecycle-process:2.7.0] AndroidManifest.xml:24:9-32:20
100            android:name="androidx.startup.InitializationProvider"
100-->[androidx.lifecycle:lifecycle-process:2.7.0] AndroidManifest.xml:25:13-67
101            android:authorities="com.example.pf.androidx-startup"
101-->[androidx.lifecycle:lifecycle-process:2.7.0] AndroidManifest.xml:26:13-68
102            android:exported="false" >
102-->[androidx.lifecycle:lifecycle-process:2.7.0] AndroidManifest.xml:27:13-37
103            <meta-data
103-->[androidx.lifecycle:lifecycle-process:2.7.0] AndroidManifest.xml:29:13-31:52
104                android:name="androidx.lifecycle.ProcessLifecycleInitializer"
104-->[androidx.lifecycle:lifecycle-process:2.7.0] AndroidManifest.xml:30:17-78
105                android:value="androidx.startup" />
105-->[androidx.lifecycle:lifecycle-process:2.7.0] AndroidManifest.xml:31:17-49
106            <meta-data
106-->[androidx.profileinstaller:profileinstaller:1.3.1] AndroidManifest.xml:29:13-31:52
107                android:name="androidx.profileinstaller.ProfileInstallerInitializer"
107-->[androidx.profileinstaller:profileinstaller:1.3.1] AndroidManifest.xml:30:17-85
108                android:value="androidx.startup" />
108-->[androidx.profileinstaller:profileinstaller:1.3.1] AndroidManifest.xml:31:17-49
109        </provider>
110
111        <receiver
111-->[androidx.profileinstaller:profileinstaller:1.3.1] AndroidManifest.xml:34:9-52:20
112            android:name="androidx.profileinstaller.ProfileInstallReceiver"
112-->[androidx.profileinstaller:profileinstaller:1.3.1] AndroidManifest.xml:35:13-76
113            android:directBootAware="false"
113-->[androidx.profileinstaller:profileinstaller:1.3.1] AndroidManifest.xml:36:13-44
114            android:enabled="true"
114-->[androidx.profileinstaller:profileinstaller:1.3.1] AndroidManifest.xml:37:13-35
115            android:exported="true"
115-->[androidx.profileinstaller:profileinstaller:1.3.1] AndroidManifest.xml:38:13-36
116            android:permission="android.permission.DUMP" >
116-->[androidx.profileinstaller:profileinstaller:1.3.1] AndroidManifest.xml:39:13-57
117            <intent-filter>
117-->[androidx.profileinstaller:profileinstaller:1.3.1] AndroidManifest.xml:40:13-42:29
118                <action android:name="androidx.profileinstaller.action.INSTALL_PROFILE" />
118-->[androidx.profileinstaller:profileinstaller:1.3.1] AndroidManifest.xml:41:17-91
118-->[androidx.profileinstaller:profileinstaller:1.3.1] AndroidManifest.xml:41:25-88
119            </intent-filter>
120            <intent-filter>
120-->[androidx.profileinstaller:profileinstaller:1.3.1] AndroidManifest.xml:43:13-45:29
121                <action android:name="androidx.profileinstaller.action.SKIP_FILE" />
121-->[androidx.profileinstaller:profileinstaller:1.3.1] AndroidManifest.xml:44:17-85
121-->[androidx.profileinstaller:profileinstaller:1.3.1] AndroidManifest.xml:44:25-82
122            </intent-filter>
123            <intent-filter>
123-->[androidx.profileinstaller:profileinstaller:1.3.1] AndroidManifest.xml:46:13-48:29
124                <action android:name="androidx.profileinstaller.action.SAVE_PROFILE" />
124-->[androidx.profileinstaller:profileinstaller:1.3.1] AndroidManifest.xml:47:17-88
124-->[androidx.profileinstaller:profileinstaller:1.3.1] AndroidManifest.xml:47:25-85
125            </intent-filter>
126            <intent-filter>
126-->[androidx.profileinstaller:profileinstaller:1.3.1] AndroidManifest.xml:49:13-51:29
127                <action android:name="androidx.profileinstaller.action.BENCHMARK_OPERATION" />
127-->[androidx.profileinstaller:profileinstaller:1.3.1] AndroidManifest.xml:50:17-95
127-->[androidx.profileinstaller:profileinstaller:1.3.1] AndroidManifest.xml:50:25-92
128            </intent-filter>
129        </receiver>
130    </application>
131
132</manifest>